<?xml version="1.0" encoding="UTF-8"?>
<testng-results ignored="0" total="1" passed="1" failed="0" skipped="0">
  <reporter-output>
    <line>
      <![CDATA[launching url]]>
    </line>
    <line>
      <![CDATA[sending mobile number]]>
    </line>
    <line>
      <![CDATA[click on signin]]>
    </line>
    <line>
      <![CDATA[sending passward]]>
    </line>
    <line>
      <![CDATA[click on submmit button]]>
    </line>
    <line>
      <![CDATA[handled the popup]]>
    </line>
    <line>
      <![CDATA[actual username]]>
    </line>
    <line>
      <![CDATA[actual username]]>
    </line>
    <line>
      <![CDATA[logout from account]]>
    </line>
    <line>
      <![CDATA[closing browser]]>
    </line>
  </reporter-output>
  <suite started-at="2022-12-06T14:32:04 IST" name="Default suite" finished-at="2022-12-06T14:32:22 IST" duration-ms="17790">
    <groups>
    </groups>
    <test started-at="2022-12-06T14:32:04 IST" name="Default test" finished-at="2022-12-06T14:32:22 IST" duration-ms="17790">
      <class name="neostoxtestclasses.NewTestclass">
        <test-method is-config="true" signature="launchNeostox()[pri:0, instance:neostoxtestclasses.NewTestclass@1b11171f]" started-at="2022-12-06T14:32:04 IST" name="launchNeostox" finished-at="2022-12-06T14:32:12 IST" duration-ms="8585" status="PASS">
          <reporter-output>
            <line>
              <![CDATA[launching url]]>
            </line>
          </reporter-output>
        </test-method> <!-- launchNeostox -->
        <test-method is-config="true" signature="loginintoNeostox()[pri:0, instance:neostoxtestclasses.NewTestclass@1b11171f]" started-at="2022-12-06T14:32:12 IST" name="loginintoNeostox" finished-at="2022-12-06T14:32:21 IST" duration-ms="8158" status="PASS">
          <reporter-output>
            <line>
              <![CDATA[sending mobile number]]>
            </line>
            <line>
              <![CDATA[click on signin]]>
            </line>
            <line>
              <![CDATA[sending passward]]>
            </line>
            <line>
              <![CDATA[click on submmit button]]>
            </line>
            <line>
              <![CDATA[handled the popup]]>
            </line>
          </reporter-output>
        </test-method> <!-- loginintoNeostox -->
        <test-method signature="validateUsername()[pri:0, instance:neostoxtestclasses.NewTestclass@1b11171f]" started-at="2022-12-06T14:32:21 IST" name="validateUsername" finished-at="2022-12-06T14:32:21 IST" duration-ms="406" status="PASS">
          <reporter-output>
            <line>
              <![CDATA[actual username]]>
            </line>
            <line>
              <![CDATA[actual username]]>
            </line>
          </reporter-output>
        </test-method> <!-- validateUsername -->
        <test-method is-config="true" signature="logoutfromneostox()[pri:0, instance:neostoxtestclasses.NewTestclass@1b11171f]" started-at="2022-12-06T14:32:21 IST" name="logoutfromneostox" finished-at="2022-12-06T14:32:21 IST" duration-ms="300" status="PASS">
          <reporter-output>
            <line>
              <![CDATA[logout from account]]>
            </line>
          </reporter-output>
        </test-method> <!-- logoutfromneostox -->
        <test-method is-config="true" signature="closebrowser()[pri:0, instance:neostoxtestclasses.NewTestclass@1b11171f]" started-at="2022-12-06T14:32:21 IST" name="closebrowser" finished-at="2022-12-06T14:32:22 IST" duration-ms="268" status="PASS">
          <reporter-output>
            <line>
              <![CDATA[closing browser]]>
            </line>
          </reporter-output>
        </test-method> <!-- closebrowser -->
      </class> <!-- neostoxtestclasses.NewTestclass -->
    </test> <!-- Default test -->
  </suite> <!-- Default suite -->
</testng-results>
